<?xml version="1.0" encoding="utf-8"?>
<TestRun id="e1576656-fe91-4651-b481-269491b04956" name="VinuthaBS@VINUTHABS-INL1 2019-09-23 17:09:12" runUser="AzureAD\VinuthaBS" xmlns="http://microsoft.com/schemas/VisualStudio/TeamTest/2010">
  <Times creation="2019-09-23T17:09:12.9264798+05:30" queuing="2019-09-23T17:09:12.9264798+05:30" start="2019-09-23T17:09:11.6161121+05:30" finish="2019-09-23T17:09:12.9381389+05:30" />
  <TestSettings name="default" id="30810b62-90c2-47e5-892f-9b4b2b79fe53">
    <Deployment runDeploymentRoot="VinuthaBS_VINUTHABS-INL1_2019-09-23_17_09_12" />
  </TestSettings>
  <Results>
    <UnitTestResult executionId="3caf84b9-d237-499a-b149-c5ef2d045e9a" testId="94d141ce-86ee-a9c1-9b84-db7cf38c6c6f" testName="Simplepro1.Tests.AddnumTests.Add_numvalues" computerName="VINUTHABS-INL1" duration="00:00:00.0080000" startTime="2019-09-23T17:09:12.8075200+05:30" endTime="2019-09-23T17:09:12.8075240+05:30" testType="13cdc9d9-ddb5-4fa4-a97d-d965ccfc6d4b" outcome="Passed" testListId="8c84fa94-04c1-424b-9868-57a2d4851a1d" relativeResultsDirectory="3caf84b9-d237-499a-b149-c5ef2d045e9a" />
  </Results>
  <TestDefinitions>
    <UnitTest name="Simplepro1.Tests.AddnumTests.Add_numvalues" storage="c:\users\vinuthabs\source\repos\simplepro1\simplepro1.tests\bin\debug\netcoreapp2.1\simplepro1.tests.dll" id="94d141ce-86ee-a9c1-9b84-db7cf38c6c6f">
      <Execution id="3caf84b9-d237-499a-b149-c5ef2d045e9a" />
      <TestMethod codeBase="C:\Users\VinuthaBS\source\repos\Simplepro1\Simplepro1.Tests\bin\Debug\netcoreapp2.1\Simplepro1.Tests.dll" adapterTypeName="executor://xunit/VsTestRunner2/netcoreapp" className="Simplepro1.Tests.AddnumTests" name="Simplepro1.Tests.AddnumTests.Add_numvalues" />
    </UnitTest>
  </TestDefinitions>
  <TestEntries>
    <TestEntry testId="94d141ce-86ee-a9c1-9b84-db7cf38c6c6f" executionId="3caf84b9-d237-499a-b149-c5ef2d045e9a" testListId="8c84fa94-04c1-424b-9868-57a2d4851a1d" />
  </TestEntries>
  <TestLists>
    <TestList name="Results Not in a List" id="8c84fa94-04c1-424b-9868-57a2d4851a1d" />
    <TestList name="All Loaded Results" id="19431567-8539-422a-85d7-44ee4e166bda" />
  </TestLists>
  <ResultSummary outcome="Completed">
    <Counters total="1" executed="1" passed="1" failed="0" error="0" timeout="0" aborted="0" inconclusive="0" passedButRunAborted="0" notRunnable="0" notExecuted="0" disconnected="0" warning="0" completed="0" inProgress="0" pending="0" />
    <Output>
      <StdOut>[xUnit.net 00:00:00.00] xUnit.net VSTest Adapter v2.4.1 (64-bit .NET Core 4.6.28008.01)&#xD;
[xUnit.net 00:00:00.61]   Discovering: Simplepro1.Tests&#xD;
[xUnit.net 00:00:00.65]   Discovered:  Simplepro1.Tests&#xD;
[xUnit.net 00:00:00.66]   Starting:    Simplepro1.Tests&#xD;
[xUnit.net 00:00:00.77]   Finished:    Simplepro1.Tests&#xD;
</StdOut>
    </Output>
  </ResultSummary>
</TestRun>