<?xml version="1.0" encoding="utf-8"?>
<TestRun id="2e8aaf9d-b917-483d-bc78-a77fa034ad44" name="VinuthaBS@VINUTHABS-INL1 2019-09-23 17:26:39" runUser="AzureAD\VinuthaBS" xmlns="http://microsoft.com/schemas/VisualStudio/TeamTest/2010">
  <Times creation="2019-09-23T17:26:39.1961971+05:30" queuing="2019-09-23T17:26:39.1961972+05:30" start="2019-09-23T17:26:37.8681969+05:30" finish="2019-09-23T17:26:39.2423397+05:30" />
  <TestSettings name="default" id="2b6e5bce-af56-4305-89ab-317d6bc8b938">
    <Deployment runDeploymentRoot="VinuthaBS_VINUTHABS-INL1_2019-09-23_17_26_39" />
  </TestSettings>
  <Results>
    <UnitTestResult executionId="1cbc2290-247c-4621-95e8-234e59ccbe72" testId="2738f478-4e74-3768-0d14-0e9bd2834272" testName="Simplepro1.Tests.Tests3.Add_numvalues" computerName="VINUTHABS-INL1" duration="00:00:00.0090000" startTime="2019-09-23T17:26:39.0575286+05:30" endTime="2019-09-23T17:26:39.0575289+05:30" testType="13cdc9d9-ddb5-4fa4-a97d-d965ccfc6d4b" outcome="Passed" testListId="8c84fa94-04c1-424b-9868-57a2d4851a1d" relativeResultsDirectory="1cbc2290-247c-4621-95e8-234e59ccbe72" />
    <UnitTestResult executionId="9d499d9c-553a-4251-8ab5-8d2b3780bf7b" testId="f9629509-5e7c-0bb1-c8f1-c1e857645356" testName="Simplepro1.Tests.Tests2.Add_numvalues" computerName="VINUTHABS-INL1" duration="00:00:00.0100000" startTime="2019-09-23T17:26:39.0767347+05:30" endTime="2019-09-23T17:26:39.0767349+05:30" testType="13cdc9d9-ddb5-4fa4-a97d-d965ccfc6d4b" outcome="Failed" testListId="8c84fa94-04c1-424b-9868-57a2d4851a1d" relativeResultsDirectory="9d499d9c-553a-4251-8ab5-8d2b3780bf7b">
      <Output>
        <ErrorInfo>
          <Message>Assert.Equal() Failure&#xD;
Expected: 5&#xD;
Actual:   3</Message>
          <StackTrace>   at Simplepro1.Tests.Tests2.Add_numvalues() in C:\Users\VinuthaBS\source\repos\Simplepro1\Simplepro1.Tests\Tests2.cs:line 21</StackTrace>
        </ErrorInfo>
      </Output>
    </UnitTestResult>
    <UnitTestResult executionId="4f6e88a2-475f-4d6c-abe1-e2b55efe1bdb" testId="e09e6221-b57e-0708-138c-cb97e8d2b0a4" testName="Simplepro1.Tests.Tests4.Add_numvalues" computerName="VINUTHABS-INL1" duration="00:00:00.0100000" startTime="2019-09-23T17:26:39.0762998+05:30" endTime="2019-09-23T17:26:39.0763007+05:30" testType="13cdc9d9-ddb5-4fa4-a97d-d965ccfc6d4b" outcome="Failed" testListId="8c84fa94-04c1-424b-9868-57a2d4851a1d" relativeResultsDirectory="4f6e88a2-475f-4d6c-abe1-e2b55efe1bdb">
      <Output>
        <ErrorInfo>
          <Message>Assert.Equal() Failure&#xD;
Expected: 10&#xD;
Actual:   5</Message>
          <StackTrace>   at Simplepro1.Tests.Tests4.Add_numvalues() in C:\Users\VinuthaBS\source\repos\Simplepro1\Simplepro1.Tests\Tests4.cs:line 21</StackTrace>
        </ErrorInfo>
      </Output>
    </UnitTestResult>
    <UnitTestResult executionId="2ac4ef48-9027-49ae-be8c-4a367706003a" testId="94d141ce-86ee-a9c1-9b84-db7cf38c6c6f" testName="Simplepro1.Tests.AddnumTests.Add_numvalues" computerName="VINUTHABS-INL1" duration="00:00:00.0090000" startTime="2019-09-23T17:26:39.0529158+05:30" endTime="2019-09-23T17:26:39.0529209+05:30" testType="13cdc9d9-ddb5-4fa4-a97d-d965ccfc6d4b" outcome="Passed" testListId="8c84fa94-04c1-424b-9868-57a2d4851a1d" relativeResultsDirectory="2ac4ef48-9027-49ae-be8c-4a367706003a" />
  </Results>
  <TestDefinitions>
    <UnitTest name="Simplepro1.Tests.Tests2.Add_numvalues" storage="c:\users\vinuthabs\source\repos\simplepro1\simplepro1.tests\bin\debug\netcoreapp2.1\simplepro1.tests.dll" id="f9629509-5e7c-0bb1-c8f1-c1e857645356">
      <Execution id="9d499d9c-553a-4251-8ab5-8d2b3780bf7b" />
      <TestMethod codeBase="C:\Users\VinuthaBS\source\repos\Simplepro1\Simplepro1.Tests\bin\Debug\netcoreapp2.1\Simplepro1.Tests.dll" adapterTypeName="executor://xunit/VsTestRunner2/netcoreapp" className="Simplepro1.Tests.Tests2" name="Simplepro1.Tests.Tests2.Add_numvalues" />
    </UnitTest>
    <UnitTest name="Simplepro1.Tests.AddnumTests.Add_numvalues" storage="c:\users\vinuthabs\source\repos\simplepro1\simplepro1.tests\bin\debug\netcoreapp2.1\simplepro1.tests.dll" id="94d141ce-86ee-a9c1-9b84-db7cf38c6c6f">
      <Execution id="2ac4ef48-9027-49ae-be8c-4a367706003a" />
      <TestMethod codeBase="C:\Users\VinuthaBS\source\repos\Simplepro1\Simplepro1.Tests\bin\Debug\netcoreapp2.1\Simplepro1.Tests.dll" adapterTypeName="executor://xunit/VsTestRunner2/netcoreapp" className="Simplepro1.Tests.AddnumTests" name="Simplepro1.Tests.AddnumTests.Add_numvalues" />
    </UnitTest>
    <UnitTest name="Simplepro1.Tests.Tests4.Add_numvalues" storage="c:\users\vinuthabs\source\repos\simplepro1\simplepro1.tests\bin\debug\netcoreapp2.1\simplepro1.tests.dll" id="e09e6221-b57e-0708-138c-cb97e8d2b0a4">
      <Execution id="4f6e88a2-475f-4d6c-abe1-e2b55efe1bdb" />
      <TestMethod codeBase="C:\Users\VinuthaBS\source\repos\Simplepro1\Simplepro1.Tests\bin\Debug\netcoreapp2.1\Simplepro1.Tests.dll" adapterTypeName="executor://xunit/VsTestRunner2/netcoreapp" className="Simplepro1.Tests.Tests4" name="Simplepro1.Tests.Tests4.Add_numvalues" />
    </UnitTest>
    <UnitTest name="Simplepro1.Tests.Tests3.Add_numvalues" storage="c:\users\vinuthabs\source\repos\simplepro1\simplepro1.tests\bin\debug\netcoreapp2.1\simplepro1.tests.dll" id="2738f478-4e74-3768-0d14-0e9bd2834272">
      <Execution id="1cbc2290-247c-4621-95e8-234e59ccbe72" />
      <TestMethod codeBase="C:\Users\VinuthaBS\source\repos\Simplepro1\Simplepro1.Tests\bin\Debug\netcoreapp2.1\Simplepro1.Tests.dll" adapterTypeName="executor://xunit/VsTestRunner2/netcoreapp" className="Simplepro1.Tests.Tests3" name="Simplepro1.Tests.Tests3.Add_numvalues" />
    </UnitTest>
  </TestDefinitions>
  <TestEntries>
    <TestEntry testId="2738f478-4e74-3768-0d14-0e9bd2834272" executionId="1cbc2290-247c-4621-95e8-234e59ccbe72" testListId="8c84fa94-04c1-424b-9868-57a2d4851a1d" />
    <TestEntry testId="f9629509-5e7c-0bb1-c8f1-c1e857645356" executionId="9d499d9c-553a-4251-8ab5-8d2b3780bf7b" testListId="8c84fa94-04c1-424b-9868-57a2d4851a1d" />
    <TestEntry testId="e09e6221-b57e-0708-138c-cb97e8d2b0a4" executionId="4f6e88a2-475f-4d6c-abe1-e2b55efe1bdb" testListId="8c84fa94-04c1-424b-9868-57a2d4851a1d" />
    <TestEntry testId="94d141ce-86ee-a9c1-9b84-db7cf38c6c6f" executionId="2ac4ef48-9027-49ae-be8c-4a367706003a" testListId="8c84fa94-04c1-424b-9868-57a2d4851a1d" />
  </TestEntries>
  <TestLists>
    <TestList name="Results Not in a List" id="8c84fa94-04c1-424b-9868-57a2d4851a1d" />
    <TestList name="All Loaded Results" id="19431567-8539-422a-85d7-44ee4e166bda" />
  </TestLists>
  <ResultSummary outcome="Failed">
    <Counters total="4" executed="4" passed="2" failed="2" error="0" timeout="0" aborted="0" inconclusive="0" passedButRunAborted="0" notRunnable="0" notExecuted="0" disconnected="0" warning="0" completed="0" inProgress="0" pending="0" />
    <Output>
      <StdOut>[xUnit.net 00:00:00.00] xUnit.net VSTest Adapter v2.4.1 (64-bit .NET Core 4.6.28008.01)&#xD;
[xUnit.net 00:00:00.62]   Discovering: Simplepro1.Tests&#xD;
[xUnit.net 00:00:00.66]   Discovered:  Simplepro1.Tests&#xD;
[xUnit.net 00:00:00.66]   Starting:    Simplepro1.Tests&#xD;
[xUnit.net 00:00:00.80]       Assert.Equal() Failure&#xD;
[xUnit.net 00:00:00.80]       Expected: 10&#xD;
[xUnit.net 00:00:00.80]       Actual:   5&#xD;
[xUnit.net 00:00:00.80]       Stack Trace:&#xD;
[xUnit.net 00:00:00.80]         C:\Users\VinuthaBS\source\repos\Simplepro1\Simplepro1.Tests\Tests4.cs(21,0): at Simplepro1.Tests.Tests4.Add_numvalues()&#xD;
[xUnit.net 00:00:00.80]       Assert.Equal() Failure&#xD;
[xUnit.net 00:00:00.80]       Expected: 5&#xD;
[xUnit.net 00:00:00.80]       Actual:   3&#xD;
[xUnit.net 00:00:00.80]       Stack Trace:&#xD;
[xUnit.net 00:00:00.80]         C:\Users\VinuthaBS\source\repos\Simplepro1\Simplepro1.Tests\Tests2.cs(21,0): at Simplepro1.Tests.Tests2.Add_numvalues()&#xD;
[xUnit.net 00:00:00.80]   Finished:    Simplepro1.Tests&#xD;
</StdOut>
    </Output>
    <RunInfos>
      <RunInfo computerName="VINUTHABS-INL1" outcome="Error" timestamp="2019-09-23T17:26:39.0734206+05:30">
        <Text>[xUnit.net 00:00:00.80]     Simplepro1.Tests.Tests4.Add_numvalues [FAIL]</Text>
      </RunInfo>
      <RunInfo computerName="VINUTHABS-INL1" outcome="Error" timestamp="2019-09-23T17:26:39.0774790+05:30">
        <Text>[xUnit.net 00:00:00.80]     Simplepro1.Tests.Tests2.Add_numvalues [FAIL]</Text>
      </RunInfo>
    </RunInfos>
  </ResultSummary>
</TestRun>